<?xml version="1.0" encoding="UTF-8"?>
<testng-results ignored="0" total="10" passed="9" failed="1" skipped="0">
  <reporter-output>
  </reporter-output>
  <suite started-at="2025-05-31T15:21:25 IST" name="Tutorials Ninja Testsuite" finished-at="2025-05-31T15:23:43 IST" duration-ms="138298">
    <groups>
    </groups>
    <test started-at="2025-05-31T15:21:25 IST" name="Tutorials ninja TestCases" finished-at="2025-05-31T15:23:43 IST" duration-ms="138298">
      <class name="com.tutorialsNinja.qa.testcases.RegisterTest">
        <test-method is-config="true" signature="setup()[pri:0, instance:com.tutorialsNinja.qa.testcases.RegisterTest@771a660]" started-at="2025-05-31T15:21:25 IST" name="setup" finished-at="2025-05-31T15:21:33 IST" duration-ms="7998" status="PASS">
          <reporter-output>
          </reporter-output>
        </test-method> <!-- setup -->
        <test-method signature="registerWithMAndatoryFields()[pri:1, instance:com.tutorialsNinja.qa.testcases.RegisterTest@771a660]" started-at="2025-05-31T15:21:33 IST" name="registerWithMAndatoryFields" finished-at="2025-05-31T15:21:35 IST" duration-ms="2209" status="PASS">
          <reporter-output>
          </reporter-output>
        </test-method> <!-- registerWithMAndatoryFields -->
        <test-method is-config="true" signature="teardown()[pri:0, instance:com.tutorialsNinja.qa.testcases.RegisterTest@771a660]" started-at="2025-05-31T15:21:35 IST" name="teardown" finished-at="2025-05-31T15:21:36 IST" duration-ms="112" status="PASS">
          <reporter-output>
          </reporter-output>
        </test-method> <!-- teardown -->
        <test-method is-config="true" signature="setup()[pri:0, instance:com.tutorialsNinja.qa.testcases.RegisterTest@771a660]" started-at="2025-05-31T15:21:36 IST" name="setup" finished-at="2025-05-31T15:21:44 IST" duration-ms="8165" status="PASS">
          <reporter-output>
          </reporter-output>
        </test-method> <!-- setup -->
        <test-method signature="registerWithAllFields()[pri:2, instance:com.tutorialsNinja.qa.testcases.RegisterTest@771a660]" started-at="2025-05-31T15:21:44 IST" name="registerWithAllFields" finished-at="2025-05-31T15:21:46 IST" duration-ms="2668" status="PASS">
          <reporter-output>
          </reporter-output>
        </test-method> <!-- registerWithAllFields -->
        <test-method is-config="true" signature="teardown()[pri:0, instance:com.tutorialsNinja.qa.testcases.RegisterTest@771a660]" started-at="2025-05-31T15:21:46 IST" name="teardown" finished-at="2025-05-31T15:21:46 IST" duration-ms="95" status="PASS">
          <reporter-output>
          </reporter-output>
        </test-method> <!-- teardown -->
        <test-method is-config="true" signature="setup()[pri:0, instance:com.tutorialsNinja.qa.testcases.RegisterTest@771a660]" started-at="2025-05-31T15:21:46 IST" name="setup" finished-at="2025-05-31T15:21:53 IST" duration-ms="6788" status="PASS">
          <reporter-output>
          </reporter-output>
        </test-method> <!-- setup -->
        <test-method signature="registerWithDuplicatedEmail()[pri:3, instance:com.tutorialsNinja.qa.testcases.RegisterTest@771a660]" started-at="2025-05-31T15:21:53 IST" name="registerWithDuplicatedEmail" finished-at="2025-05-31T15:21:56 IST" duration-ms="2325" status="PASS">
          <reporter-output>
          </reporter-output>
        </test-method> <!-- registerWithDuplicatedEmail -->
        <test-method is-config="true" signature="teardown()[pri:0, instance:com.tutorialsNinja.qa.testcases.RegisterTest@771a660]" started-at="2025-05-31T15:21:56 IST" name="teardown" finished-at="2025-05-31T15:21:56 IST" duration-ms="92" status="PASS">
          <reporter-output>
          </reporter-output>
        </test-method> <!-- teardown -->
      </class> <!-- com.tutorialsNinja.qa.testcases.RegisterTest -->
      <class name="com.tutorialsNinja.qa.testcases.LoginTest">
        <test-method is-config="true" signature="setup()[pri:0, instance:com.tutorialsNinja.qa.testcases.LoginTest@3e27aa33]" started-at="2025-05-31T15:21:56 IST" name="setup" finished-at="2025-05-31T15:22:06 IST" duration-ms="9325" status="PASS">
          <reporter-output>
          </reporter-output>
        </test-method> <!-- setup -->
        <test-method signature="loginWithValidCredentials(java.lang.String,java.lang.String)[pri:1, instance:com.tutorialsNinja.qa.testcases.LoginTest@3e27aa33]" started-at="2025-05-31T15:22:06 IST" name="loginWithValidCredentials" data-provider="validCredentialSupplier" finished-at="2025-05-31T15:22:08 IST" duration-ms="1913" status="PASS">
          <params>
            <param index="0">
              <value>
                <![CDATA[rt150798@gmail.com]]>
              </value>
            </param>
            <param index="1">
              <value>
                <![CDATA[Aarti@123]]>
              </value>
            </param>
          </params>
          <reporter-output>
          </reporter-output>
        </test-method> <!-- loginWithValidCredentials -->
        <test-method is-config="true" signature="teardown()[pri:0, instance:com.tutorialsNinja.qa.testcases.LoginTest@3e27aa33]" started-at="2025-05-31T15:22:08 IST" name="teardown" finished-at="2025-05-31T15:22:08 IST" duration-ms="127" status="PASS">
          <reporter-output>
          </reporter-output>
        </test-method> <!-- teardown -->
        <test-method is-config="true" signature="setup()[pri:0, instance:com.tutorialsNinja.qa.testcases.LoginTest@3e27aa33]" started-at="2025-05-31T15:22:08 IST" name="setup" finished-at="2025-05-31T15:22:15 IST" duration-ms="7631" status="PASS">
          <reporter-output>
          </reporter-output>
        </test-method> <!-- setup -->
        <test-method signature="loginWithValidCredentials(java.lang.String,java.lang.String)[pri:1, instance:com.tutorialsNinja.qa.testcases.LoginTest@3e27aa33]" started-at="2025-05-31T15:22:15 IST" name="loginWithValidCredentials" data-provider="validCredentialSupplier" finished-at="2025-05-31T15:22:17 IST" duration-ms="1370" status="PASS">
          <params>
            <param index="0">
              <value>
                <![CDATA[aarti15798@gmail.com]]>
              </value>
            </param>
            <param index="1">
              <value>
                <![CDATA[Aarti@123]]>
              </value>
            </param>
          </params>
          <reporter-output>
          </reporter-output>
        </test-method> <!-- loginWithValidCredentials -->
        <test-method is-config="true" signature="teardown()[pri:0, instance:com.tutorialsNinja.qa.testcases.LoginTest@3e27aa33]" started-at="2025-05-31T15:22:17 IST" name="teardown" finished-at="2025-05-31T15:22:17 IST" duration-ms="158" status="PASS">
          <reporter-output>
          </reporter-output>
        </test-method> <!-- teardown -->
        <test-method is-config="true" signature="setup()[pri:0, instance:com.tutorialsNinja.qa.testcases.LoginTest@3e27aa33]" started-at="2025-05-31T15:22:17 IST" name="setup" finished-at="2025-05-31T15:22:31 IST" duration-ms="14112" status="PASS">
          <reporter-output>
          </reporter-output>
        </test-method> <!-- setup -->
        <test-method signature="loginWithInvalidCredentials()[pri:2, instance:com.tutorialsNinja.qa.testcases.LoginTest@3e27aa33]" started-at="2025-05-31T15:22:31 IST" name="loginWithInvalidCredentials" finished-at="2025-05-31T15:22:32 IST" duration-ms="1014" status="PASS">
          <reporter-output>
          </reporter-output>
        </test-method> <!-- loginWithInvalidCredentials -->
        <test-method is-config="true" signature="teardown()[pri:0, instance:com.tutorialsNinja.qa.testcases.LoginTest@3e27aa33]" started-at="2025-05-31T15:22:32 IST" name="teardown" finished-at="2025-05-31T15:22:32 IST" duration-ms="111" status="PASS">
          <reporter-output>
          </reporter-output>
        </test-method> <!-- teardown -->
        <test-method is-config="true" signature="setup()[pri:0, instance:com.tutorialsNinja.qa.testcases.LoginTest@3e27aa33]" started-at="2025-05-31T15:22:32 IST" name="setup" finished-at="2025-05-31T15:22:50 IST" duration-ms="17965" status="PASS">
          <reporter-output>
          </reporter-output>
        </test-method> <!-- setup -->
        <test-method signature="loginWithNoCredentials()[pri:3, instance:com.tutorialsNinja.qa.testcases.LoginTest@3e27aa33]" started-at="2025-05-31T15:22:50 IST" name="loginWithNoCredentials" finished-at="2025-05-31T15:22:52 IST" duration-ms="1455" status="PASS">
          <reporter-output>
          </reporter-output>
        </test-method> <!-- loginWithNoCredentials -->
        <test-method is-config="true" signature="teardown()[pri:0, instance:com.tutorialsNinja.qa.testcases.LoginTest@3e27aa33]" started-at="2025-05-31T15:22:52 IST" name="teardown" finished-at="2025-05-31T15:22:52 IST" duration-ms="91" status="PASS">
          <reporter-output>
          </reporter-output>
        </test-method> <!-- teardown -->
      </class> <!-- com.tutorialsNinja.qa.testcases.LoginTest -->
      <class name="com.tutorialsNinja.qa.testcases.SearchTest">
        <test-method is-config="true" signature="setUp()[pri:0, instance:com.tutorialsNinja.qa.testcases.SearchTest@2e385cce]" started-at="2025-05-31T15:22:52 IST" name="setUp" finished-at="2025-05-31T15:23:07 IST" duration-ms="15280" status="PASS">
          <reporter-output>
          </reporter-output>
        </test-method> <!-- setUp -->
        <test-method signature="searchValidProduct()[pri:1, instance:com.tutorialsNinja.qa.testcases.SearchTest@2e385cce]" started-at="2025-05-31T15:23:07 IST" name="searchValidProduct" finished-at="2025-05-31T15:23:08 IST" duration-ms="914" status="PASS">
          <reporter-output>
          </reporter-output>
        </test-method> <!-- searchValidProduct -->
        <test-method is-config="true" signature="tearDown()[pri:0, instance:com.tutorialsNinja.qa.testcases.SearchTest@2e385cce]" started-at="2025-05-31T15:23:08 IST" name="tearDown" finished-at="2025-05-31T15:23:08 IST" duration-ms="99" status="PASS">
          <reporter-output>
          </reporter-output>
        </test-method> <!-- tearDown -->
        <test-method is-config="true" signature="setUp()[pri:0, instance:com.tutorialsNinja.qa.testcases.SearchTest@2e385cce]" started-at="2025-05-31T15:23:08 IST" name="setUp" finished-at="2025-05-31T15:23:24 IST" duration-ms="16162" status="PASS">
          <reporter-output>
          </reporter-output>
        </test-method> <!-- setUp -->
        <test-method signature="searchInvalidProduct()[pri:2, instance:com.tutorialsNinja.qa.testcases.SearchTest@2e385cce]" started-at="2025-05-31T15:23:24 IST" name="searchInvalidProduct" finished-at="2025-05-31T15:23:24 IST" duration-ms="34" status="FAIL">
          <exception class="java.lang.IllegalArgumentException">
            <message>
              <![CDATA[Keys to send should be a not null CharSequence]]>
            </message>
            <full-stacktrace>
              <![CDATA[java.lang.IllegalArgumentException: Keys to send should be a not null CharSequence
at org.openqa.selenium.remote.RemoteWebElement.sendKeys(RemoteWebElement.java:96)
at java.base/jdk.internal.reflect.DirectMethodHandleAccessor.invoke(DirectMethodHandleAccessor.java:104)
at java.base/java.lang.reflect.Method.invoke(Method.java:577)
at org.openqa.selenium.support.pagefactory.internal.LocatingElementHandler.invoke(LocatingElementHandler.java:51)
at jdk.proxy2/jdk.proxy2.$Proxy15.sendKeys(Unknown Source)
at com.tutorialsNinja.qa.pages.HomePage.searchVProductName(HomePage.java:52)
at com.tutorialsNinja.qa.testcases.SearchTest.searchInvalidProduct(SearchTest.java:53)
at java.base/jdk.internal.reflect.DirectMethodHandleAccessor.invoke(DirectMethodHandleAccessor.java:104)
at java.base/java.lang.reflect.Method.invoke(Method.java:577)
at org.testng.internal.invokers.MethodInvocationHelper.invokeMethod(MethodInvocationHelper.java:139)
at org.testng.internal.invokers.TestInvoker.invokeMethod(TestInvoker.java:677)
at org.testng.internal.invokers.TestInvoker.invokeTestMethod(TestInvoker.java:221)
at org.testng.internal.invokers.MethodRunner.runInSequence(MethodRunner.java:50)
at org.testng.internal.invokers.TestInvoker$MethodInvocationAgent.invoke(TestInvoker.java:969)
at org.testng.internal.invokers.TestInvoker.invokeTestMethods(TestInvoker.java:194)
at org.testng.internal.invokers.TestMethodWorker.invokeTestMethods(TestMethodWorker.java:148)
at org.testng.internal.invokers.TestMethodWorker.run(TestMethodWorker.java:128)
at java.base/java.util.ArrayList.forEach(ArrayList.java:1511)
at org.testng.TestRunner.privateRun(TestRunner.java:829)
at org.testng.TestRunner.run(TestRunner.java:602)
at org.testng.SuiteRunner.runTest(SuiteRunner.java:437)
at org.testng.SuiteRunner.runSequentially(SuiteRunner.java:431)
at org.testng.SuiteRunner.privateRun(SuiteRunner.java:391)
at org.testng.SuiteRunner.run(SuiteRunner.java:330)
at org.testng.SuiteRunnerWorker.runSuite(SuiteRunnerWorker.java:52)
at org.testng.SuiteRunnerWorker.run(SuiteRunnerWorker.java:95)
at org.testng.TestNG.runSuitesSequentially(TestNG.java:1256)
at org.testng.TestNG.runSuitesLocally(TestNG.java:1176)
at org.testng.TestNG.runSuites(TestNG.java:1099)
at org.testng.TestNG.run(TestNG.java:1067)
at org.testng.remote.AbstractRemoteTestNG.run(AbstractRemoteTestNG.java:115)
at org.testng.remote.RemoteTestNG.initAndRun(RemoteTestNG.java:251)
at org.testng.remote.RemoteTestNG.main(RemoteTestNG.java:77)
]]>
            </full-stacktrace>
          </exception> <!-- java.lang.IllegalArgumentException -->
          <reporter-output>
          </reporter-output>
        </test-method> <!-- searchInvalidProduct -->
        <test-method is-config="true" signature="tearDown()[pri:0, instance:com.tutorialsNinja.qa.testcases.SearchTest@2e385cce]" started-at="2025-05-31T15:23:24 IST" name="tearDown" finished-at="2025-05-31T15:23:25 IST" duration-ms="97" status="PASS">
          <reporter-output>
          </reporter-output>
        </test-method> <!-- tearDown -->
        <test-method is-config="true" signature="setUp()[pri:0, instance:com.tutorialsNinja.qa.testcases.SearchTest@2e385cce]" started-at="2025-05-31T15:23:25 IST" name="setUp" finished-at="2025-05-31T15:23:42 IST" duration-ms="17783" status="PASS">
          <reporter-output>
          </reporter-output>
        </test-method> <!-- setUp -->
        <test-method signature="searchNoProduct()[pri:3, instance:com.tutorialsNinja.qa.testcases.SearchTest@2e385cce]" started-at="2025-05-31T15:23:42 IST" name="searchNoProduct" finished-at="2025-05-31T15:23:43 IST" duration-ms="693" status="PASS">
          <reporter-output>
          </reporter-output>
        </test-method> <!-- searchNoProduct -->
        <test-method is-config="true" signature="tearDown()[pri:0, instance:com.tutorialsNinja.qa.testcases.SearchTest@2e385cce]" started-at="2025-05-31T15:23:43 IST" name="tearDown" finished-at="2025-05-31T15:23:43 IST" duration-ms="90" status="PASS">
          <reporter-output>
          </reporter-output>
        </test-method> <!-- tearDown -->
      </class> <!-- com.tutorialsNinja.qa.testcases.SearchTest -->
    </test> <!-- Tutorials ninja TestCases -->
  </suite> <!-- Tutorials Ninja Testsuite -->
</testng-results>
